This file contains any messages produced by compilers while
running configure, to aid debugging if configure makes a mistake.

It was created by configure, which was
generated by GNU Autoconf 2.69.  Invocation command line was

  $ ./configure 

## --------- ##
## Platform. ##
## --------- ##

hostname = vps-dd91c6ab.vps.ovh.ca
uname -m = x86_64
uname -r = 3.10.0-1062.18.1.el7.x86_64
uname -s = Linux
uname -v = #1 SMP Tue Mar 17 23:49:17 UTC 2020

/usr/bin/uname -p = x86_64
/bin/uname -X     = unknown

/bin/arch              = x86_64
/usr/bin/arch -k       = unknown
/usr/convex/getsysinfo = unknown
/usr/bin/hostinfo      = unknown
/bin/machine           = unknown
/usr/bin/oslevel       = unknown
/bin/universe          = unknown

PATH: /opt/rh/devtoolset-7/root/usr/bin
PATH: /root/.vscode-server/bin/3c4e3df9e89829dce27b7b5c24508306b151f30d/bin
PATH: /root/.vscode-server/bin/3c4e3df9e89829dce27b7b5c24508306b151f30d/bin
PATH: /usr/local/sbin
PATH: /usr/local/bin
PATH: /usr/sbin
PATH: /usr/bin
PATH: /root/bin


## ----------- ##
## Core tests. ##
## ----------- ##

configure:2289: checking for g++
configure:2305: found /opt/rh/devtoolset-7/root/usr/bin/g++
configure:2316: result: g++
configure:2343: checking for C++ compiler version
configure:2352: g++ --version >&5
g++ (GCC) 7.3.1 20180303 (Red Hat 7.3.1-5)
Copyright (C) 2017 Free Software Foundation, Inc.
This is free software; see the source for copying conditions.  There is NO
warranty; not even for MERCHANTABILITY or FITNESS FOR A PARTICULAR PURPOSE.

configure:2363: $? = 0
configure:2352: g++ -v >&5
Using built-in specs.
COLLECT_GCC=g++
COLLECT_LTO_WRAPPER=/opt/rh/devtoolset-7/root/usr/libexec/gcc/x86_64-redhat-linux/7/lto-wrapper
Target: x86_64-redhat-linux
Configured with: ../configure --enable-bootstrap --enable-languages=c,c++,fortran,lto --prefix=/opt/rh/devtoolset-7/root/usr --mandir=/opt/rh/devtoolset-7/root/usr/share/man --infodir=/opt/rh/devtoolset-7/root/usr/share/info --with-bugurl=http://bugzilla.redhat.com/bugzilla --enable-shared --enable-threads=posix --enable-checking=release --enable-multilib --with-system-zlib --enable-__cxa_atexit --disable-libunwind-exceptions --enable-gnu-unique-object --enable-linker-build-id --with-gcc-major-version-only --enable-plugin --with-linker-hash-style=gnu --enable-initfini-array --with-default-libstdcxx-abi=gcc4-compatible --with-isl=/builddir/build/BUILD/gcc-7.3.1-20180303/obj-x86_64-redhat-linux/isl-install --enable-libmpx --enable-gnu-indirect-function --with-tune=generic --with-arch_32=i686 --build=x86_64-redhat-linux
Thread model: posix
gcc version 7.3.1 20180303 (Red Hat 7.3.1-5) (GCC) 
configure:2363: $? = 0
configure:2352: g++ -V >&5
g++: error: unrecognized command line option '-V'
g++: fatal error: no input files
compilation terminated.
configure:2363: $? = 1
configure:2352: g++ -qversion >&5
g++: error: unrecognized command line option '-qversion'; did you mean '--version'?
g++: fatal error: no input files
compilation terminated.
configure:2363: $? = 1
configure:2383: checking whether the C++ compiler works
configure:2405: g++    conftest.cpp  >&5
configure:2409: $? = 0
configure:2457: result: yes
configure:2460: checking for C++ compiler default output file name
configure:2462: result: a.out
configure:2468: checking for suffix of executables
configure:2475: g++ -o conftest    conftest.cpp  >&5
configure:2479: $? = 0
configure:2501: result: 
configure:2523: checking whether we are cross compiling
configure:2531: g++ -o conftest    conftest.cpp  >&5
configure:2535: $? = 0
configure:2542: ./conftest
configure:2546: $? = 0
configure:2561: result: no
configure:2566: checking for suffix of object files
configure:2588: g++ -c   conftest.cpp >&5
configure:2592: $? = 0
configure:2613: result: o
configure:2617: checking whether we are using the GNU C++ compiler
configure:2636: g++ -c   conftest.cpp >&5
configure:2636: $? = 0
configure:2645: result: yes
configure:2654: checking whether g++ accepts -g
configure:2674: g++ -c -g  conftest.cpp >&5
configure:2674: $? = 0
configure:2715: result: yes
configure:2755: checking how to run the C++ preprocessor
configure:2782: g++ -E  conftest.cpp
configure:2782: $? = 0
configure:2796: g++ -E  conftest.cpp
conftest.cpp:9:10: fatal error: ac_nonexistent.h: No such file or directory
 #include <ac_nonexistent.h>
          ^~~~~~~~~~~~~~~~~~
compilation terminated.
configure:2796: $? = 1
configure: failed program was:
| /* confdefs.h */
| #define PACKAGE_NAME ""
| #define PACKAGE_TARNAME ""
| #define PACKAGE_VERSION ""
| #define PACKAGE_STRING ""
| #define PACKAGE_BUGREPORT ""
| #define PACKAGE_URL ""
| /* end confdefs.h.  */
| #include <ac_nonexistent.h>
configure:2821: result: g++ -E
configure:2841: g++ -E  conftest.cpp
configure:2841: $? = 0
configure:2855: g++ -E  conftest.cpp
conftest.cpp:9:10: fatal error: ac_nonexistent.h: No such file or directory
 #include <ac_nonexistent.h>
          ^~~~~~~~~~~~~~~~~~
compilation terminated.
configure:2855: $? = 1
configure: failed program was:
| /* confdefs.h */
| #define PACKAGE_NAME ""
| #define PACKAGE_TARNAME ""
| #define PACKAGE_VERSION ""
| #define PACKAGE_STRING ""
| #define PACKAGE_BUGREPORT ""
| #define PACKAGE_URL ""
| /* end confdefs.h.  */
| #include <ac_nonexistent.h>
configure:2884: checking for grep that handles long lines and -e
configure:2942: result: /usr/bin/grep
configure:2947: checking for egrep
configure:3009: result: /usr/bin/grep -E
configure:3014: checking for ANSI C header files
configure:3034: g++ -c -g -O2  conftest.cpp >&5
configure:3034: $? = 0
configure:3107: g++ -o conftest -g -O2   conftest.cpp  >&5
configure:3107: $? = 0
configure:3107: ./conftest
configure:3107: $? = 0
configure:3118: result: yes
configure:3131: checking for sys/types.h
configure:3131: g++ -c -g -O2  conftest.cpp >&5
configure:3131: $? = 0
configure:3131: result: yes
configure:3131: checking for sys/stat.h
configure:3131: g++ -c -g -O2  conftest.cpp >&5
configure:3131: $? = 0
configure:3131: result: yes
configure:3131: checking for stdlib.h
configure:3131: g++ -c -g -O2  conftest.cpp >&5
configure:3131: $? = 0
configure:3131: result: yes
configure:3131: checking for string.h
configure:3131: g++ -c -g -O2  conftest.cpp >&5
configure:3131: $? = 0
configure:3131: result: yes
configure:3131: checking for memory.h
configure:3131: g++ -c -g -O2  conftest.cpp >&5
configure:3131: $? = 0
configure:3131: result: yes
configure:3131: checking for strings.h
configure:3131: g++ -c -g -O2  conftest.cpp >&5
configure:3131: $? = 0
configure:3131: result: yes
configure:3131: checking for inttypes.h
configure:3131: g++ -c -g -O2  conftest.cpp >&5
configure:3131: $? = 0
configure:3131: result: yes
configure:3131: checking for stdint.h
configure:3131: g++ -c -g -O2  conftest.cpp >&5
configure:3131: $? = 0
configure:3131: result: yes
configure:3131: checking for unistd.h
configure:3131: g++ -c -g -O2  conftest.cpp >&5
configure:3131: $? = 0
configure:3131: result: yes
configure:3144: checking minix/config.h usability
configure:3144: g++ -c -g -O2  conftest.cpp >&5
conftest.cpp:52:10: fatal error: minix/config.h: No such file or directory
 #include <minix/config.h>
          ^~~~~~~~~~~~~~~~
compilation terminated.
configure:3144: $? = 1
configure: failed program was:
| /* confdefs.h */
| #define PACKAGE_NAME ""
| #define PACKAGE_TARNAME ""
| #define PACKAGE_VERSION ""
| #define PACKAGE_STRING ""
| #define PACKAGE_BUGREPORT ""
| #define PACKAGE_URL ""
| #define STDC_HEADERS 1
| #define HAVE_SYS_TYPES_H 1
| #define HAVE_SYS_STAT_H 1
| #define HAVE_STDLIB_H 1
| #define HAVE_STRING_H 1
| #define HAVE_MEMORY_H 1
| #define HAVE_STRINGS_H 1
| #define HAVE_INTTYPES_H 1
| #define HAVE_STDINT_H 1
| #define HAVE_UNISTD_H 1
| /* end confdefs.h.  */
| #include <stdio.h>
| #ifdef HAVE_SYS_TYPES_H
| # include <sys/types.h>
| #endif
| #ifdef HAVE_SYS_STAT_H
| # include <sys/stat.h>
| #endif
| #ifdef STDC_HEADERS
| # include <stdlib.h>
| # include <stddef.h>
| #else
| # ifdef HAVE_STDLIB_H
| #  include <stdlib.h>
| # endif
| #endif
| #ifdef HAVE_STRING_H
| # if !defined STDC_HEADERS && defined HAVE_MEMORY_H
| #  include <memory.h>
| # endif
| # include <string.h>
| #endif
| #ifdef HAVE_STRINGS_H
| # include <strings.h>
| #endif
| #ifdef HAVE_INTTYPES_H
| # include <inttypes.h>
| #endif
| #ifdef HAVE_STDINT_H
| # include <stdint.h>
| #endif
| #ifdef HAVE_UNISTD_H
| # include <unistd.h>
| #endif
| #include <minix/config.h>
configure:3144: result: no
configure:3144: checking minix/config.h presence
configure:3144: g++ -E  conftest.cpp
conftest.cpp:19:10: fatal error: minix/config.h: No such file or directory
 #include <minix/config.h>
          ^~~~~~~~~~~~~~~~
compilation terminated.
configure:3144: $? = 1
configure: failed program was:
| /* confdefs.h */
| #define PACKAGE_NAME ""
| #define PACKAGE_TARNAME ""
| #define PACKAGE_VERSION ""
| #define PACKAGE_STRING ""
| #define PACKAGE_BUGREPORT ""
| #define PACKAGE_URL ""
| #define STDC_HEADERS 1
| #define HAVE_SYS_TYPES_H 1
| #define HAVE_SYS_STAT_H 1
| #define HAVE_STDLIB_H 1
| #define HAVE_STRING_H 1
| #define HAVE_MEMORY_H 1
| #define HAVE_STRINGS_H 1
| #define HAVE_INTTYPES_H 1
| #define HAVE_STDINT_H 1
| #define HAVE_UNISTD_H 1
| /* end confdefs.h.  */
| #include <minix/config.h>
configure:3144: result: no
configure:3144: checking for minix/config.h
configure:3144: result: no
configure:3165: checking whether it is safe to define __EXTENSIONS__
configure:3183: g++ -c -g -O2  conftest.cpp >&5
configure:3183: $? = 0
configure:3190: result: yes
configure:3629: checking whether make sets $(MAKE)
configure:3651: result: yes
configure:3708: checking for gcc
configure:3724: found /opt/rh/devtoolset-7/root/usr/bin/gcc
configure:3735: result: gcc
configure:3964: checking for C compiler version
configure:3973: gcc --version >&5
gcc (GCC) 7.3.1 20180303 (Red Hat 7.3.1-5)
Copyright (C) 2017 Free Software Foundation, Inc.
This is free software; see the source for copying conditions.  There is NO
warranty; not even for MERCHANTABILITY or FITNESS FOR A PARTICULAR PURPOSE.

configure:3984: $? = 0
configure:3973: gcc -v >&5
Using built-in specs.
COLLECT_GCC=gcc
COLLECT_LTO_WRAPPER=/opt/rh/devtoolset-7/root/usr/libexec/gcc/x86_64-redhat-linux/7/lto-wrapper
Target: x86_64-redhat-linux
Configured with: ../configure --enable-bootstrap --enable-languages=c,c++,fortran,lto --prefix=/opt/rh/devtoolset-7/root/usr --mandir=/opt/rh/devtoolset-7/root/usr/share/man --infodir=/opt/rh/devtoolset-7/root/usr/share/info --with-bugurl=http://bugzilla.redhat.com/bugzilla --enable-shared --enable-threads=posix --enable-checking=release --enable-multilib --with-system-zlib --enable-__cxa_atexit --disable-libunwind-exceptions --enable-gnu-unique-object --enable-linker-build-id --with-gcc-major-version-only --enable-plugin --with-linker-hash-style=gnu --enable-initfini-array --with-default-libstdcxx-abi=gcc4-compatible --with-isl=/builddir/build/BUILD/gcc-7.3.1-20180303/obj-x86_64-redhat-linux/isl-install --enable-libmpx --enable-gnu-indirect-function --with-tune=generic --with-arch_32=i686 --build=x86_64-redhat-linux
Thread model: posix
gcc version 7.3.1 20180303 (Red Hat 7.3.1-5) (GCC) 
configure:3984: $? = 0
configure:3973: gcc -V >&5
gcc: error: unrecognized command line option '-V'
gcc: fatal error: no input files
compilation terminated.
configure:3984: $? = 1
configure:3973: gcc -qversion >&5
gcc: error: unrecognized command line option '-qversion'; did you mean '--version'?
gcc: fatal error: no input files
compilation terminated.
configure:3984: $? = 1
configure:3988: checking whether we are using the GNU C compiler
configure:4007: gcc -c   conftest.c >&5
configure:4007: $? = 0
configure:4016: result: yes
configure:4025: checking whether gcc accepts -g
configure:4045: gcc -c -g  conftest.c >&5
configure:4045: $? = 0
configure:4086: result: yes
configure:4103: checking for gcc option to accept ISO C89
configure:4166: gcc  -c -g -O2  conftest.c >&5
configure:4166: $? = 0
configure:4179: result: none needed
configure:4311: checking for C++ compiler version
configure:4320: g++ --version >&5
g++ (GCC) 7.3.1 20180303 (Red Hat 7.3.1-5)
Copyright (C) 2017 Free Software Foundation, Inc.
This is free software; see the source for copying conditions.  There is NO
warranty; not even for MERCHANTABILITY or FITNESS FOR A PARTICULAR PURPOSE.

configure:4331: $? = 0
configure:4320: g++ -v >&5
Using built-in specs.
COLLECT_GCC=g++
COLLECT_LTO_WRAPPER=/opt/rh/devtoolset-7/root/usr/libexec/gcc/x86_64-redhat-linux/7/lto-wrapper
Target: x86_64-redhat-linux
Configured with: ../configure --enable-bootstrap --enable-languages=c,c++,fortran,lto --prefix=/opt/rh/devtoolset-7/root/usr --mandir=/opt/rh/devtoolset-7/root/usr/share/man --infodir=/opt/rh/devtoolset-7/root/usr/share/info --with-bugurl=http://bugzilla.redhat.com/bugzilla --enable-shared --enable-threads=posix --enable-checking=release --enable-multilib --with-system-zlib --enable-__cxa_atexit --disable-libunwind-exceptions --enable-gnu-unique-object --enable-linker-build-id --with-gcc-major-version-only --enable-plugin --with-linker-hash-style=gnu --enable-initfini-array --with-default-libstdcxx-abi=gcc4-compatible --with-isl=/builddir/build/BUILD/gcc-7.3.1-20180303/obj-x86_64-redhat-linux/isl-install --enable-libmpx --enable-gnu-indirect-function --with-tune=generic --with-arch_32=i686 --build=x86_64-redhat-linux
Thread model: posix
gcc version 7.3.1 20180303 (Red Hat 7.3.1-5) (GCC) 
configure:4331: $? = 0
configure:4320: g++ -V >&5
g++: error: unrecognized command line option '-V'
g++: fatal error: no input files
compilation terminated.
configure:4331: $? = 1
configure:4320: g++ -qversion >&5
g++: error: unrecognized command line option '-qversion'; did you mean '--version'?
g++: fatal error: no input files
compilation terminated.
configure:4331: $? = 1
configure:4335: checking whether we are using the GNU C++ compiler
configure:4363: result: yes
configure:4372: checking whether g++ accepts -g
configure:4433: result: yes
configure:4458: checking for ar
configure:4476: found /opt/rh/devtoolset-7/root/usr/bin/ar
configure:4488: result: /opt/rh/devtoolset-7/root/usr/bin/ar
configure:4509: checking whether byte ordering is bigendian
configure:4524: g++ -c -g -O2 -std=c++11  -I../common conftest.cpp >&5
conftest.cpp:25:9: error: expected unqualified-id before 'not' token
         not a universal capable compiler
         ^~~
configure:4524: $? = 1
configure: failed program was:
| /* confdefs.h */
| #define PACKAGE_NAME ""
| #define PACKAGE_TARNAME ""
| #define PACKAGE_VERSION ""
| #define PACKAGE_STRING ""
| #define PACKAGE_BUGREPORT ""
| #define PACKAGE_URL ""
| #define STDC_HEADERS 1
| #define HAVE_SYS_TYPES_H 1
| #define HAVE_SYS_STAT_H 1
| #define HAVE_STDLIB_H 1
| #define HAVE_STRING_H 1
| #define HAVE_MEMORY_H 1
| #define HAVE_STRINGS_H 1
| #define HAVE_INTTYPES_H 1
| #define HAVE_STDINT_H 1
| #define HAVE_UNISTD_H 1
| #define __EXTENSIONS__ 1
| #define _ALL_SOURCE 1
| #define _GNU_SOURCE 1
| #define _POSIX_PTHREAD_SEMANTICS 1
| #define _TANDEM_SOURCE 1
| /* end confdefs.h.  */
| #ifndef __APPLE_CC__
| 	       not a universal capable compiler
| 	     #endif
| 	     typedef int dummy;
| 
configure:4569: g++ -c -g -O2 -std=c++11  -I../common conftest.cpp >&5
configure:4569: $? = 0
configure:4587: g++ -c -g -O2 -std=c++11  -I../common conftest.cpp >&5
conftest.cpp: In function 'int main()':
conftest.cpp:31:8: error: 'big' was not declared in this scope
    not big endian
        ^~~
configure:4587: $? = 1
configure: failed program was:
| /* confdefs.h */
| #define PACKAGE_NAME ""
| #define PACKAGE_TARNAME ""
| #define PACKAGE_VERSION ""
| #define PACKAGE_STRING ""
| #define PACKAGE_BUGREPORT ""
| #define PACKAGE_URL ""
| #define STDC_HEADERS 1
| #define HAVE_SYS_TYPES_H 1
| #define HAVE_SYS_STAT_H 1
| #define HAVE_STDLIB_H 1
| #define HAVE_STRING_H 1
| #define HAVE_MEMORY_H 1
| #define HAVE_STRINGS_H 1
| #define HAVE_INTTYPES_H 1
| #define HAVE_STDINT_H 1
| #define HAVE_UNISTD_H 1
| #define __EXTENSIONS__ 1
| #define _ALL_SOURCE 1
| #define _GNU_SOURCE 1
| #define _POSIX_PTHREAD_SEMANTICS 1
| #define _TANDEM_SOURCE 1
| /* end confdefs.h.  */
| #include <sys/types.h>
| 		#include <sys/param.h>
| 
| int
| main ()
| {
| #if BYTE_ORDER != BIG_ENDIAN
| 		 not big endian
| 		#endif
| 
|   ;
|   return 0;
| }
configure:4715: result: no
configure:4784: checking whether gcc produces 32bit code
configure:4802: g++ -o conftest -g -O2 -std=c++11  -I../common  conftest.cpp  >&5
configure:4802: $? = 0
configure:4802: ./conftest
configure:4802: $? = 1
configure: program exited with status 1
configure: failed program was:
| /* confdefs.h */
| #define PACKAGE_NAME ""
| #define PACKAGE_TARNAME ""
| #define PACKAGE_VERSION ""
| #define PACKAGE_STRING ""
| #define PACKAGE_BUGREPORT ""
| #define PACKAGE_URL ""
| #define STDC_HEADERS 1
| #define HAVE_SYS_TYPES_H 1
| #define HAVE_SYS_STAT_H 1
| #define HAVE_STDLIB_H 1
| #define HAVE_STRING_H 1
| #define HAVE_MEMORY_H 1
| #define HAVE_STRINGS_H 1
| #define HAVE_INTTYPES_H 1
| #define HAVE_STDINT_H 1
| #define HAVE_UNISTD_H 1
| #define __EXTENSIONS__ 1
| #define _ALL_SOURCE 1
| #define _GNU_SOURCE 1
| #define _POSIX_PTHREAD_SEMANTICS 1
| #define _TANDEM_SOURCE 1
| /* end confdefs.h.  */
| 
| 		int main(int argc, char **argv){
| 			if(sizeof(void*) == 4) return 0;
| 			else return 1;
| 		}
| 
configure:4847: result: no
configure:4861: checking whether gcc supports __thread specifier (TLS)
configure:4880: g++ -o conftest -g -O2 -std=c++11  -I../common  conftest.cpp  >&5
configure:4880: $? = 0
configure:4880: ./conftest
configure:4880: $? = 0
configure:4882: result: yes
configure:4911: checking whether gcc supports -ffat-lto-objects
configure:4928: g++ -o conftest -g -O2 -std=c++11  -I../common -DHAS_TLS  -flto -fuse-linker-plugin -ffat-lto-objects conftest.cpp  >&5
configure:4928: $? = 0
configure:4928: ./conftest
configure:4928: $? = 0
configure:4930: result: yes
configure:4950: checking whether gcc supports -flto -fuse-linker-plugin
configure:4967: g++ -o conftest -g -O2 -std=c++11  -I../common -DHAS_TLS  -flto -fuse-linker-plugin conftest.cpp  >&5
configure:4967: $? = 0
configure:4967: ./conftest
configure:4967: $? = 0
configure:4969: result: yes
configure:4994: checking whether gcc supports -Wno-unused-parameter
configure:5002: g++ -c -g -O2 -std=c++11  -I../common -DHAS_TLS conftest.cpp >&5
configure:5002: $? = 0
configure:5012: g++ -c -g -O2 -std=c++11  -I../common -DHAS_TLS conftest.cpp >&5
configure:5012: $? = 0
configure:5014: result: yes
configure:5019: checking whether gcc can actually use -Wno-unused-parameter
configure:5026: g++ -c -g -O2 -std=c++11  -I../common -DHAS_TLS conftest.cpp >&5
configure:5026: $? = 0
configure:5028: result: not needed but enabled
configure:5082: checking whether gcc supports -Wempty-body
configure:5090: g++ -c -g -O2 -std=c++11  -I../common -DHAS_TLS conftest.cpp >&5
configure:5090: $? = 0
configure:5092: result: yes
configure:5131: checking whether gcc supports -Wno-switch
configure:5139: g++ -c -g -O2 -std=c++11  -I../common -DHAS_TLS conftest.cpp >&5
configure:5139: $? = 0
configure:5149: g++ -c -g -O2 -std=c++11  -I../common -DHAS_TLS conftest.cpp >&5
configure:5149: $? = 0
configure:5151: result: yes
configure:5219: checking whether gcc supports -Wno-missing-field-initializers
configure:5227: g++ -c -g -O2 -std=c++11  -I../common -DHAS_TLS conftest.cpp >&5
configure:5227: $? = 0
configure:5237: g++ -c -g -O2 -std=c++11  -I../common -DHAS_TLS conftest.cpp >&5
configure:5237: $? = 0
configure:5239: result: yes
configure:5306: checking whether compiler is clang
configure:5312: result: no
configure:5315: checking whether gcc supports -Wno-maybe-uninitialized
configure:5323: g++ -c -g -O2 -std=c++11  -I../common -DHAS_TLS conftest.cpp >&5
configure:5323: $? = 0
configure:5333: g++ -c -g -O2 -std=c++11  -I../common -DHAS_TLS conftest.cpp >&5
configure:5333: $? = 0
configure:5335: result: yes
configure:5403: checking whether gcc supports -Wno-clobbered
configure:5411: g++ -c -g -O2 -std=c++11  -I../common -DHAS_TLS conftest.cpp >&5
configure:5411: $? = 0
configure:5421: g++ -c -g -O2 -std=c++11  -I../common -DHAS_TLS conftest.cpp >&5
configure:5421: $? = 0
configure:5423: result: yes
configure:5497: checking whether gcc supports -Wshadow
configure:5505: g++ -c -g -O2 -std=c++11  -I../common -DHAS_TLS conftest.cpp >&5
configure:5505: $? = 0
configure:5507: result: yes
configure:5546: checking whether gcc can efficiently use -Wshadow
configure:5562: g++ -c -g -O2 -std=c++11  -I../common -DHAS_TLS conftest.cpp >&5
configure:5562: $? = 0
configure:5564: result: yes
configure:5579: checking whether gcc supports -fPIC
configure:5587: g++ -c -g -O2 -std=c++11  -I../common -DHAS_TLS conftest.cpp >&5
configure:5587: $? = 0
configure:5589: result: yes
configure:5607: checking how to make shared objects
configure:5628: g++ -o conftest -g -O2 -std=c++11  -I../common -DHAS_TLS  conftest.cpp  >&5
/lib/../lib64/crt1.o: In function `_start':
(.text+0x20): undefined reference to `main'
collect2: error: ld returned 1 exit status
configure:5628: $? = 1
configure: failed program was:
| /* confdefs.h */
| #define PACKAGE_NAME ""
| #define PACKAGE_TARNAME ""
| #define PACKAGE_VERSION ""
| #define PACKAGE_STRING ""
| #define PACKAGE_BUGREPORT ""
| #define PACKAGE_URL ""
| #define STDC_HEADERS 1
| #define HAVE_SYS_TYPES_H 1
| #define HAVE_SYS_STAT_H 1
| #define HAVE_STDLIB_H 1
| #define HAVE_STRING_H 1
| #define HAVE_MEMORY_H 1
| #define HAVE_STRINGS_H 1
| #define HAVE_INTTYPES_H 1
| #define HAVE_STDINT_H 1
| #define HAVE_UNISTD_H 1
| #define __EXTENSIONS__ 1
| #define _ALL_SOURCE 1
| #define _GNU_SOURCE 1
| #define _POSIX_PTHREAD_SEMANTICS 1
| #define _TANDEM_SOURCE 1
| /* end confdefs.h.  */
| 
| 		int bar = 0;
| 
| 		int foo(void)
| 		{
| 			return bar;
| 		}
| 
configure:5650: g++ -o conftest -g -O2 -std=c++11  -I../common -DHAS_TLS  conftest.cpp  >&5
/lib/../lib64/crt1.o: In function `_start':
(.text+0x20): undefined reference to `main'
collect2: error: ld returned 1 exit status
configure:5650: $? = 1
configure: failed program was:
| /* confdefs.h */
| #define PACKAGE_NAME ""
| #define PACKAGE_TARNAME ""
| #define PACKAGE_VERSION ""
| #define PACKAGE_STRING ""
| #define PACKAGE_BUGREPORT ""
| #define PACKAGE_URL ""
| #define STDC_HEADERS 1
| #define HAVE_SYS_TYPES_H 1
| #define HAVE_SYS_STAT_H 1
| #define HAVE_STDLIB_H 1
| #define HAVE_STRING_H 1
| #define HAVE_MEMORY_H 1
| #define HAVE_STRINGS_H 1
| #define HAVE_INTTYPES_H 1
| #define HAVE_STDINT_H 1
| #define HAVE_UNISTD_H 1
| #define __EXTENSIONS__ 1
| #define _ALL_SOURCE 1
| #define _GNU_SOURCE 1
| #define _POSIX_PTHREAD_SEMANTICS 1
| #define _TANDEM_SOURCE 1
| /* end confdefs.h.  */
| 
| 		int bar = 0;
| 
| 		int foo(void)
| 		{
| 			return bar;
| 		}
| 
configure:5661: result: not supported
configure:5663: compiler is unable to generate shared objects, disabled plugins (optional)
configure:5808: checking whether gcc supports -fno-strict-aliasing
configure:5816: g++ -c -g -O2 -std=c++11  -I../common -DHAS_TLS -fno-strict-aliasing conftest.cpp >&5
configure:5816: $? = 0
configure:5817: result: yes
configure:5838: checking for setrlimit
configure:5838: g++ -o conftest -g -O2 -std=c++11  -I../common -DHAS_TLS -fno-strict-aliasing  conftest.cpp  >&5
configure:5838: $? = 0
configure:5838: result: yes
configure:5848: checking for strnlen
configure:5848: g++ -o conftest -g -O2 -std=c++11  -I../common -DHAS_TLS -fno-strict-aliasing -DHAVE_SETRLIMIT  conftest.cpp  >&5
configure:5848: $? = 0
configure:5848: result: yes
configure:5857: checking for uselocale
configure:5857: g++ -o conftest -g -O2 -std=c++11  -I../common -DHAS_TLS -fno-strict-aliasing -DHAVE_SETRLIMIT -DHAVE_STRNLEN  conftest.cpp  >&5
configure:5857: $? = 0
configure:5857: result: yes
configure:5868: checking for newlocale
configure:5868: g++ -o conftest -g -O2 -std=c++11  -I../common -DHAS_TLS -fno-strict-aliasing -DHAVE_SETRLIMIT -DHAVE_STRNLEN  conftest.cpp  >&5
configure:5868: $? = 0
configure:5868: result: yes
configure:5879: checking for freelocale
configure:5879: g++ -o conftest -g -O2 -std=c++11  -I../common -DHAS_TLS -fno-strict-aliasing -DHAVE_SETRLIMIT -DHAVE_STRNLEN  conftest.cpp  >&5
configure:5879: $? = 0
configure:5879: result: yes
configure:5890: checking for xlocale.h
configure:5890: g++ -c -g -O2 -std=c++11  -I../common -DHAS_TLS -fno-strict-aliasing -DHAVE_SETRLIMIT -DHAVE_STRNLEN conftest.cpp >&5
configure:5890: $? = 0
configure:5890: result: yes
configure:6093: checking for library containing inflateEnd
configure:6124: g++ -o conftest -g -O2 -std=c++11  -I../common -DHAS_TLS -fno-strict-aliasing -DHAVE_SETRLIMIT -DHAVE_STRNLEN  -I/usr/include  -L/usr/lib conftest.cpp  >&5
/tmp/ccnX7iCn.o: In function `main':
/root/rathena-re/conftest.cpp:39: undefined reference to `inflateEnd'
collect2: error: ld returned 1 exit status
configure:6124: $? = 1
configure: failed program was:
| /* confdefs.h */
| #define PACKAGE_NAME ""
| #define PACKAGE_TARNAME ""
| #define PACKAGE_VERSION ""
| #define PACKAGE_STRING ""
| #define PACKAGE_BUGREPORT ""
| #define PACKAGE_URL ""
| #define STDC_HEADERS 1
| #define HAVE_SYS_TYPES_H 1
| #define HAVE_SYS_STAT_H 1
| #define HAVE_STDLIB_H 1
| #define HAVE_STRING_H 1
| #define HAVE_MEMORY_H 1
| #define HAVE_STRINGS_H 1
| #define HAVE_INTTYPES_H 1
| #define HAVE_STDINT_H 1
| #define HAVE_UNISTD_H 1
| #define __EXTENSIONS__ 1
| #define _ALL_SOURCE 1
| #define _GNU_SOURCE 1
| #define _POSIX_PTHREAD_SEMANTICS 1
| #define _TANDEM_SOURCE 1
| #define HAVE_USELOCALE 1
| #define HAVE_NEWLOCALE 1
| #define HAVE_FREELOCALE 1
| #define HAVE_XLOCALE_H 1
| /* end confdefs.h.  */
| 
| /* Override any GCC internal prototype to avoid an error.
|    Use char because int might match the return type of a GCC
|    builtin and then its argument prototype would still apply.  */
| #ifdef __cplusplus
| extern "C"
| #endif
| char inflateEnd ();
| int
| main ()
| {
| return inflateEnd ();
|   ;
|   return 0;
| }
configure:6124: g++ -o conftest -g -O2 -std=c++11  -I../common -DHAS_TLS -fno-strict-aliasing -DHAVE_SETRLIMIT -DHAVE_STRNLEN  -I/usr/include  -L/usr/lib conftest.cpp -lz   >&5
configure:6124: $? = 0
configure:6141: result: -lz
configure:6151: checking for zlib.h
configure:6151: g++ -c -g -O2 -std=c++11  -I../common -DHAS_TLS -fno-strict-aliasing -DHAVE_SETRLIMIT -DHAVE_STRNLEN  -I/usr/include conftest.cpp >&5
configure:6151: $? = 0
configure:6151: result: yes
configure:6168: checking for library containing sqrt
configure:6199: g++ -o conftest -g -O2 -std=c++11  -I../common -DHAS_TLS -fno-strict-aliasing -DHAVE_SETRLIMIT -DHAVE_STRNLEN  -I/usr/include  -L/usr/lib conftest.cpp -lz  >&5
conftest.cpp:35:6: warning: declaration of 'char sqrt()' conflicts with built-in declaration 'double sqrt(double)' [-Wbuiltin-declaration-mismatch]
 char sqrt ();
      ^~~~
configure:6199: $? = 0
configure:6216: result: none required
configure:6231: checking for library containing clock_gettime
configure:6262: g++ -o conftest -g -O2 -std=c++11  -I../common -DHAS_TLS -fno-strict-aliasing -DHAVE_SETRLIMIT -DHAVE_STRNLEN  -I/usr/include  -L/usr/lib conftest.cpp -lz  >&5
configure:6262: $? = 0
configure:6279: result: none required
configure:6298: checking whether CLOCK_MONOTONIC is supported and works
configure:6321: g++ -o conftest -g -O2 -std=c++11  -I../common -DHAS_TLS -fno-strict-aliasing -DHAVE_SETRLIMIT -DHAVE_STRNLEN  -I/usr/include  -L/usr/lib conftest.cpp -lz  >&5
configure:6321: $? = 0
configure:6321: ./conftest
configure:6321: $? = 0
configure:6323: result: yes
configure:6345: checking for library containing pthread_create
configure:6376: g++ -o conftest -g -O2 -std=c++11  -I../common -DHAS_TLS -fno-strict-aliasing -DHAVE_SETRLIMIT -DHAVE_STRNLEN  -I/usr/include -DHAVE_MONOTONIC_CLOCK  -L/usr/lib conftest.cpp -lz  >&5
/tmp/ccN5tc7V.o: In function `main':
/root/rathena-re/conftest.cpp:39: undefined reference to `pthread_create'
collect2: error: ld returned 1 exit status
configure:6376: $? = 1
configure: failed program was:
| /* confdefs.h */
| #define PACKAGE_NAME ""
| #define PACKAGE_TARNAME ""
| #define PACKAGE_VERSION ""
| #define PACKAGE_STRING ""
| #define PACKAGE_BUGREPORT ""
| #define PACKAGE_URL ""
| #define STDC_HEADERS 1
| #define HAVE_SYS_TYPES_H 1
| #define HAVE_SYS_STAT_H 1
| #define HAVE_STDLIB_H 1
| #define HAVE_STRING_H 1
| #define HAVE_MEMORY_H 1
| #define HAVE_STRINGS_H 1
| #define HAVE_INTTYPES_H 1
| #define HAVE_STDINT_H 1
| #define HAVE_UNISTD_H 1
| #define __EXTENSIONS__ 1
| #define _ALL_SOURCE 1
| #define _GNU_SOURCE 1
| #define _POSIX_PTHREAD_SEMANTICS 1
| #define _TANDEM_SOURCE 1
| #define HAVE_USELOCALE 1
| #define HAVE_NEWLOCALE 1
| #define HAVE_FREELOCALE 1
| #define HAVE_XLOCALE_H 1
| /* end confdefs.h.  */
| 
| /* Override any GCC internal prototype to avoid an error.
|    Use char because int might match the return type of a GCC
|    builtin and then its argument prototype would still apply.  */
| #ifdef __cplusplus
| extern "C"
| #endif
| char pthread_create ();
| int
| main ()
| {
| return pthread_create ();
|   ;
|   return 0;
| }
configure:6376: g++ -o conftest -g -O2 -std=c++11  -I../common -DHAS_TLS -fno-strict-aliasing -DHAVE_SETRLIMIT -DHAVE_STRNLEN  -I/usr/include -DHAVE_MONOTONIC_CLOCK  -L/usr/lib conftest.cpp -lpthread  -lz  >&5
configure:6376: $? = 0
configure:6393: result: -lpthread
configure:6403: checking for library containing pthread_sigmask
configure:6434: g++ -o conftest -g -O2 -std=c++11  -I../common -DHAS_TLS -fno-strict-aliasing -DHAVE_SETRLIMIT -DHAVE_STRNLEN  -I/usr/include -DHAVE_MONOTONIC_CLOCK  -L/usr/lib conftest.cpp -lpthread -lz  >&5
configure:6434: $? = 0
configure:6451: result: none required
configure:6461: checking for library containing pthread_attr_init
configure:6492: g++ -o conftest -g -O2 -std=c++11  -I../common -DHAS_TLS -fno-strict-aliasing -DHAVE_SETRLIMIT -DHAVE_STRNLEN  -I/usr/include -DHAVE_MONOTONIC_CLOCK  -L/usr/lib conftest.cpp -lpthread -lz  >&5
configure:6492: $? = 0
configure:6509: result: none required
configure:6519: checking for library containing pthread_attr_setstacksize
configure:6550: g++ -o conftest -g -O2 -std=c++11  -I../common -DHAS_TLS -fno-strict-aliasing -DHAVE_SETRLIMIT -DHAVE_STRNLEN  -I/usr/include -DHAVE_MONOTONIC_CLOCK  -L/usr/lib conftest.cpp -lpthread -lz  >&5
configure:6550: $? = 0
configure:6567: result: none required
configure:6577: checking for library containing pthread_attr_destroy
configure:6608: g++ -o conftest -g -O2 -std=c++11  -I../common -DHAS_TLS -fno-strict-aliasing -DHAVE_SETRLIMIT -DHAVE_STRNLEN  -I/usr/include -DHAVE_MONOTONIC_CLOCK  -L/usr/lib conftest.cpp -lpthread -lz  >&5
configure:6608: $? = 0
configure:6625: result: none required
configure:6635: checking for library containing pthread_cancel
configure:6666: g++ -o conftest -g -O2 -std=c++11  -I../common -DHAS_TLS -fno-strict-aliasing -DHAVE_SETRLIMIT -DHAVE_STRNLEN  -I/usr/include -DHAVE_MONOTONIC_CLOCK  -L/usr/lib conftest.cpp -lpthread -lz  >&5
configure:6666: $? = 0
configure:6683: result: none required
configure:6693: checking for library containing pthread_join
configure:6724: g++ -o conftest -g -O2 -std=c++11  -I../common -DHAS_TLS -fno-strict-aliasing -DHAVE_SETRLIMIT -DHAVE_STRNLEN  -I/usr/include -DHAVE_MONOTONIC_CLOCK  -L/usr/lib conftest.cpp -lpthread -lz  >&5
configure:6724: $? = 0
configure:6741: result: none required
configure:6760: checking for mysql_config
configure:6778: found /usr/bin/mysql_config
configure:6791: result: /usr/bin/mysql_config
configure:6815: checking for mysql_init in -lmysqlclient
configure:6840: g++ -o conftest -g -O2 -std=c++11  -I../common -DHAS_TLS -fno-strict-aliasing -DHAVE_SETRLIMIT -DHAVE_STRNLEN  -I/usr/include -DHAVE_MONOTONIC_CLOCK -I/usr/include/mysql  -L/usr/lib -L/usr/lib64/mysql -lmysqlclient -lpthread -lz -lm -ldl -lssl -lcrypto conftest.cpp -lmysqlclient  -lpthread -lz  >&5
configure:6840: $? = 0
configure:6849: result: yes
configure:6855: checking mysql.h usability
configure:6855: g++ -c -g -O2 -std=c++11  -I../common -DHAS_TLS -fno-strict-aliasing -DHAVE_SETRLIMIT -DHAVE_STRNLEN  -I/usr/include -DHAVE_MONOTONIC_CLOCK -I/usr/include/mysql conftest.cpp >&5
configure:6855: $? = 0
configure:6855: result: yes
configure:6855: checking mysql.h presence
configure:6855: g++ -E  -I../common -DHAS_TLS -fno-strict-aliasing -DHAVE_SETRLIMIT -DHAVE_STRNLEN  -I/usr/include -DHAVE_MONOTONIC_CLOCK -I/usr/include/mysql conftest.cpp
configure:6855: $? = 0
configure:6855: result: yes
configure:6855: checking for mysql.h
configure:6855: result: yes
configure:6866: checking MySQL library (required)
configure:6869: result: yes (5.5.65)
configure:6898: checking for library containing pcre_study
configure:6929: g++ -o conftest -g -O2 -std=c++11  -I../common -DHAS_TLS -fno-strict-aliasing -DHAVE_SETRLIMIT -DHAVE_STRNLEN  -I/usr/include -DHAVE_MONOTONIC_CLOCK  -L/usr/lib conftest.cpp -lpthread -lz  >&5
/tmp/ccOcSxvi.o: In function `main':
/root/rathena-re/conftest.cpp:39: undefined reference to `pcre_study'
collect2: error: ld returned 1 exit status
configure:6929: $? = 1
configure: failed program was:
| /* confdefs.h */
| #define PACKAGE_NAME ""
| #define PACKAGE_TARNAME ""
| #define PACKAGE_VERSION ""
| #define PACKAGE_STRING ""
| #define PACKAGE_BUGREPORT ""
| #define PACKAGE_URL ""
| #define STDC_HEADERS 1
| #define HAVE_SYS_TYPES_H 1
| #define HAVE_SYS_STAT_H 1
| #define HAVE_STDLIB_H 1
| #define HAVE_STRING_H 1
| #define HAVE_MEMORY_H 1
| #define HAVE_STRINGS_H 1
| #define HAVE_INTTYPES_H 1
| #define HAVE_STDINT_H 1
| #define HAVE_UNISTD_H 1
| #define __EXTENSIONS__ 1
| #define _ALL_SOURCE 1
| #define _GNU_SOURCE 1
| #define _POSIX_PTHREAD_SEMANTICS 1
| #define _TANDEM_SOURCE 1
| #define HAVE_USELOCALE 1
| #define HAVE_NEWLOCALE 1
| #define HAVE_FREELOCALE 1
| #define HAVE_XLOCALE_H 1
| /* end confdefs.h.  */
| 
| /* Override any GCC internal prototype to avoid an error.
|    Use char because int might match the return type of a GCC
|    builtin and then its argument prototype would still apply.  */
| #ifdef __cplusplus
| extern "C"
| #endif
| char pcre_study ();
| int
| main ()
| {
| return pcre_study ();
|   ;
|   return 0;
| }
configure:6929: g++ -o conftest -g -O2 -std=c++11  -I../common -DHAS_TLS -fno-strict-aliasing -DHAVE_SETRLIMIT -DHAVE_STRNLEN  -I/usr/include -DHAVE_MONOTONIC_CLOCK  -L/usr/lib conftest.cpp -lpcre  -lpthread -lz  >&5
configure:6929: $? = 0
configure:6946: result: -lpcre
configure:7007: checking PCRE library (optional)
configure:7011: result: yes (8.32)
configure:7034: checking host OS
configure:7037: result: Linux
configure:7062: checking for MinGW
configure:7073: result: no
configure:7083: Configure finish
configure:7085: CPPFLAGS=  -I../common -DHAS_TLS -fno-strict-aliasing -DHAVE_SETRLIMIT -DHAVE_STRNLEN  -I/usr/include -DHAVE_MONOTONIC_CLOCK
configure:7087: CFLAGS= -flto -fuse-linker-plugin -g -O2 -pipe -ffast-math -Wall -Wempty-body -Wno-switch -Wno-missing-field-initializers -Wno-maybe-uninitialized -Wno-clobbered -Wshadow
configure:7089: CFLAGS_AR= -flto -fuse-linker-plugin -ffat-lto-objects -flto -fuse-linker-plugin -g -O2 -pipe -ffast-math -Wall -Wempty-body -Wno-switch -Wno-missing-field-initializers -Wno-maybe-uninitialized -Wno-clobbered -Wshadow
configure:7091: LDFLAGS=  -L/usr/lib
configure:7095: output name =  login-server, char-server, map-server
configure:7250: creating ./config.status

## ---------------------- ##
## Running config.status. ##
## ---------------------- ##

This file was extended by config.status, which was
generated by GNU Autoconf 2.69.  Invocation command line was

  CONFIG_FILES    = 
  CONFIG_HEADERS  = 
  CONFIG_LINKS    = 
  CONFIG_COMMANDS = 
  $ ./config.status 

on vps-dd91c6ab.vps.ovh.ca

config.status:755: creating Makefile
config.status:755: creating src/common/Makefile
config.status:755: creating 3rdparty/libconfig/Makefile
config.status:755: creating 3rdparty/yaml-cpp/Makefile
config.status:755: creating src/char/Makefile
config.status:755: creating src/login/Makefile
config.status:755: creating src/map/Makefile
config.status:755: creating src/tool/Makefile

## ---------------- ##
## Cache variables. ##
## ---------------- ##

ac_cv_c_bigendian=no
ac_cv_c_compiler_gnu=yes
ac_cv_cxx_compiler_gnu=yes
ac_cv_env_CCC_set=
ac_cv_env_CCC_value=
ac_cv_env_CC_set=
ac_cv_env_CC_value=
ac_cv_env_CFLAGS_set=
ac_cv_env_CFLAGS_value=
ac_cv_env_CPPFLAGS_set=
ac_cv_env_CPPFLAGS_value=
ac_cv_env_CXXCPP_set=
ac_cv_env_CXXCPP_value=
ac_cv_env_CXXFLAGS_set=
ac_cv_env_CXXFLAGS_value=
ac_cv_env_CXX_set=
ac_cv_env_CXX_value=
ac_cv_env_LDFLAGS_set=
ac_cv_env_LDFLAGS_value=
ac_cv_env_LIBS_set=
ac_cv_env_LIBS_value=
ac_cv_env_build_alias_set=
ac_cv_env_build_alias_value=
ac_cv_env_host_alias_set=
ac_cv_env_host_alias_value=
ac_cv_env_target_alias_set=
ac_cv_env_target_alias_value=
ac_cv_func_freelocale=yes
ac_cv_func_newlocale=yes
ac_cv_func_setrlimit=yes
ac_cv_func_strnlen=yes
ac_cv_func_uselocale=yes
ac_cv_header_inttypes_h=yes
ac_cv_header_memory_h=yes
ac_cv_header_minix_config_h=no
ac_cv_header_mysql_h=yes
ac_cv_header_stdc=yes
ac_cv_header_stdint_h=yes
ac_cv_header_stdlib_h=yes
ac_cv_header_string_h=yes
ac_cv_header_strings_h=yes
ac_cv_header_sys_stat_h=yes
ac_cv_header_sys_types_h=yes
ac_cv_header_unistd_h=yes
ac_cv_header_xlocale_h=yes
ac_cv_header_zlib_h=yes
ac_cv_lib_mysqlclient_mysql_init=yes
ac_cv_objext=o
ac_cv_path_AR=/opt/rh/devtoolset-7/root/usr/bin/ar
ac_cv_path_EGREP='/usr/bin/grep -E'
ac_cv_path_GREP=/usr/bin/grep
ac_cv_path_MYSQL_CONFIG_HOME=/usr/bin/mysql_config
ac_cv_prog_CXXCPP='g++ -E'
ac_cv_prog_ac_ct_CC=gcc
ac_cv_prog_ac_ct_CXX=g++
ac_cv_prog_cc_c89=
ac_cv_prog_cc_g=yes
ac_cv_prog_cxx_g=yes
ac_cv_prog_make_make_set=yes
ac_cv_safe_to_define___extensions__=yes
ac_cv_search_clock_gettime='none required'
ac_cv_search_inflateEnd=-lz
ac_cv_search_pcre_study=-lpcre
ac_cv_search_pthread_attr_destroy='none required'
ac_cv_search_pthread_attr_init='none required'
ac_cv_search_pthread_attr_setstacksize='none required'
ac_cv_search_pthread_cancel='none required'
ac_cv_search_pthread_create=-lpthread
ac_cv_search_pthread_join='none required'
ac_cv_search_pthread_sigmask='none required'
ac_cv_search_sqrt='none required'

## ----------------- ##
## Output variables. ##
## ----------------- ##

AR='/opt/rh/devtoolset-7/root/usr/bin/ar'
CC='gcc'
CFLAGS='-flto -fuse-linker-plugin -g -O2 -pipe -ffast-math -Wall -Wempty-body -Wno-switch -Wno-missing-field-initializers -Wno-maybe-uninitialized -Wno-clobbered -Wshadow'
CFLAGS_AR='-flto -fuse-linker-plugin -ffat-lto-objects -flto -fuse-linker-plugin -g -O2 -pipe -ffast-math -Wall -Wempty-body -Wno-switch -Wno-missing-field-initializers -Wno-maybe-uninitialized -Wno-clobbered -Wshadow'
CPPFLAGS=' -I../common -DHAS_TLS -fno-strict-aliasing -DHAVE_SETRLIMIT -DHAVE_STRNLEN  -I/usr/include -DHAVE_MONOTONIC_CLOCK'
CXX='g++'
CXXCPP='g++ -E'
CXXFLAGS='-g -O2 -std=c++11'
CXXFLAG_CLEARS='-std=c++11  -I../common -DHAS_TLS -fno-strict-aliasing -DHAVE_SETRLIMIT -DHAVE_STRNLEN  -I/usr/include -DHAVE_MONOTONIC_CLOCK'
DEFS='-DPACKAGE_NAME=\"\" -DPACKAGE_TARNAME=\"\" -DPACKAGE_VERSION=\"\" -DPACKAGE_STRING=\"\" -DPACKAGE_BUGREPORT=\"\" -DPACKAGE_URL=\"\" -DSTDC_HEADERS=1 -DHAVE_SYS_TYPES_H=1 -DHAVE_SYS_STAT_H=1 -DHAVE_STDLIB_H=1 -DHAVE_STRING_H=1 -DHAVE_MEMORY_H=1 -DHAVE_STRINGS_H=1 -DHAVE_INTTYPES_H=1 -DHAVE_STDINT_H=1 -DHAVE_UNISTD_H=1 -D__EXTENSIONS__=1 -D_ALL_SOURCE=1 -D_GNU_SOURCE=1 -D_POSIX_PTHREAD_SEMANTICS=1 -D_TANDEM_SOURCE=1 -DHAVE_USELOCALE=1 -DHAVE_NEWLOCALE=1 -DHAVE_FREELOCALE=1 -DHAVE_XLOCALE_H=1'
DLLEXT='.so'
ECHO_C=''
ECHO_N='-n'
ECHO_T=''
EGREP='/usr/bin/grep -E'
EXEEXT=''
GREP='/usr/bin/grep'
HAVE_MYSQL='yes'
HAVE_PCRE='yes'
LDFLAGS=' -L/usr/lib'
LIBOBJS=''
LIBS='-lpcre -lpthread -lz  -ldl'
LTLIBOBJS=''
MYSQL_CFLAGS='-I/usr/include/mysql'
MYSQL_CONFIG_HOME='/usr/bin/mysql_config'
MYSQL_LIBS='-L/usr/lib64/mysql -lmysqlclient -lpthread -lz -lm -ldl -lssl -lcrypto'
MYSQL_VERSION='5.5.65'
OBJEXT='o'
OCHR='char-server'
OLOG='login-server'
OMAP='map-server'
PACKAGE_BUGREPORT=''
PACKAGE_NAME=''
PACKAGE_STRING=''
PACKAGE_TARNAME=''
PACKAGE_URL=''
PACKAGE_VERSION=''
PATH_SEPARATOR=':'
PCRE_CFLAGS=''
PCRE_LIBS='-lpcre'
PCRE_VERSION='8.32'
SET_MAKE=''
SHELL='/bin/sh'
SOFLAGS=''
WITH_PLUGINS='no'
ac_ct_CC='gcc'
ac_ct_CXX='g++'
bindir='${exec_prefix}/bin'
build_alias=''
datadir='${datarootdir}'
datarootdir='${prefix}/share'
docdir='${datarootdir}/doc/${PACKAGE}'
dvidir='${docdir}'
exec_prefix='${prefix}'
host_alias=''
htmldir='${docdir}'
includedir='${prefix}/include'
infodir='${datarootdir}/info'
libdir='${exec_prefix}/lib'
libexecdir='${exec_prefix}/libexec'
localedir='${datarootdir}/locale'
localstatedir='${prefix}/var'
mandir='${datarootdir}/man'
oldincludedir='/usr/include'
pdfdir='${docdir}'
prefix='/usr/local'
program_transform_name='s,x,x,'
psdir='${docdir}'
sbindir='${exec_prefix}/sbin'
sharedstatedir='${prefix}/com'
sysconfdir='${prefix}/etc'
target_alias=''

## ----------- ##
## confdefs.h. ##
## ----------- ##

/* confdefs.h */
#define PACKAGE_NAME ""
#define PACKAGE_TARNAME ""
#define PACKAGE_VERSION ""
#define PACKAGE_STRING ""
#define PACKAGE_BUGREPORT ""
#define PACKAGE_URL ""
#define STDC_HEADERS 1
#define HAVE_SYS_TYPES_H 1
#define HAVE_SYS_STAT_H 1
#define HAVE_STDLIB_H 1
#define HAVE_STRING_H 1
#define HAVE_MEMORY_H 1
#define HAVE_STRINGS_H 1
#define HAVE_INTTYPES_H 1
#define HAVE_STDINT_H 1
#define HAVE_UNISTD_H 1
#define __EXTENSIONS__ 1
#define _ALL_SOURCE 1
#define _GNU_SOURCE 1
#define _POSIX_PTHREAD_SEMANTICS 1
#define _TANDEM_SOURCE 1
#define HAVE_USELOCALE 1
#define HAVE_NEWLOCALE 1
#define HAVE_FREELOCALE 1
#define HAVE_XLOCALE_H 1

configure: exit 0
